<?xml version="1.0" encoding="UTF-8"?>
<!-- Generated by org.testng.reporters.JUnitReportReporter -->
<testsuite hostname="ULTP_431" name="Tests.SynerzipRecruitmentTabTest" tests="1" failures="0" timestamp="24 Sep 2015 06:11:08 GMT" time="2.910" errors="0">
  <testcase name="RecruitmentTabTest" time="2.910" classname="Tests.SynerzipRecruitmentTabTest"/>
</testsuite> <!-- Tests.SynerzipRecruitmentTabTest -->
