<?xml version="1.0" encoding="UTF-8"?>
<!-- Generated by org.testng.reporters.JUnitReportReporter -->
<testsuite hostname="ULTP_431" name="Tests.SynerzipHRMSLoginTest" tests="1" failures="0" timestamp="24 Sep 2015 06:11:08 GMT" time="8.423" errors="0">
  <testcase name="SynerzipHRMSLogin" time="8.423" classname="Tests.SynerzipHRMSLoginTest"/>
</testsuite> <!-- Tests.SynerzipHRMSLoginTest -->
